This file contains any messages produced by compilers while
running configure, to aid debugging if configure makes a mistake.

It was created by configure, which was
generated by GNU Autoconf 2.61.  Invocation command line was

  $ ./configure --host=arm-none-linux-gnueabi --with-sdl-prefix=/home/vladpalos/Development/PrimaLuce/deps/SDL-1.2.15/build --with-freetype-prefix=/home/vladpalos/Development/PrimaLuce/deps/freetype-2.4.9/build --prefix=/home/vladpalos/Development/PrimaLuce/deps/SDL_ttf-2.0.11/build LIBS=-lfreetype -lSDL

## --------- ##
## Platform. ##
## --------- ##

hostname = vladpalos-ThinkPad-T500
uname -m = x86_64
uname -r = 3.2.0-24-generic
uname -s = Linux
uname -v = #39-Ubuntu SMP Mon May 21 16:52:17 UTC 2012

/usr/bin/uname -p = unknown
/bin/uname -X     = unknown

/bin/arch              = unknown
/usr/bin/arch -k       = unknown
/usr/convex/getsysinfo = unknown
/usr/bin/hostinfo      = unknown
/bin/machine           = unknown
/usr/bin/oslevel       = unknown
/bin/universe          = unknown

PATH: /usr/local/sbin
PATH: /usr/local/bin
PATH: /usr/sbin
PATH: /usr/bin
PATH: /sbin
PATH: /bin
PATH: /usr/games
PATH: /opt/CodeSourcery/Sourcery_G++_Lite_Linux/bin
PATH: /opt/android-sdk-linux/platform-tools
PATH: /opt/android-sdk-linux/tools


## ----------- ##
## Core tests. ##
## ----------- ##

configure:2039: checking build system type
configure:2057: result: x86_64-unknown-linux-gnu
configure:2079: checking host system type
configure:2094: result: arm-none-linux-gnueabi
configure:2124: checking for arm-none-linux-gnueabi-gcc
configure:2140: found /opt/CodeSourcery/Sourcery_G++_Lite_Linux/bin/arm-none-linux-gnueabi-gcc
configure:2151: result: arm-none-linux-gnueabi-gcc
configure:2429: checking for C compiler version
configure:2436: arm-none-linux-gnueabi-gcc --version >&5
arm-none-linux-gnueabi-gcc (Sourcery G++ Lite 2009q3-67) 4.4.1
Copyright (C) 2009 Free Software Foundation, Inc.
This is free software; see the source for copying conditions.  There is NO
warranty; not even for MERCHANTABILITY or FITNESS FOR A PARTICULAR PURPOSE.

configure:2439: $? = 0
configure:2446: arm-none-linux-gnueabi-gcc -v >&5
Using built-in specs.
Target: arm-none-linux-gnueabi
Configured with: /scratch/julian/2009q3-respin-linux-lite/src/gcc-4.4/configure --build=i686-pc-linux-gnu --host=i686-pc-linux-gnu --target=arm-none-linux-gnueabi --enable-threads --disable-libmudflap --disable-libssp --disable-libstdcxx-pch --enable-extra-sgxxlite-multilibs --with-arch=armv5te --with-gnu-as --with-gnu-ld --with-specs='%{funwind-tables|fno-unwind-tables|mabi=*|ffreestanding|nostdlib:;:-funwind-tables} %{O2:%{!fno-remove-local-statics: -fremove-local-statics}} %{O*:%{O|O0|O1|O2|Os:;:%{!fno-remove-local-statics: -fremove-local-statics}}}' --enable-languages=c,c++ --enable-shared --disable-lto --enable-symvers=gnu --enable-__cxa_atexit --with-pkgversion='Sourcery G++ Lite 2009q3-67' --with-bugurl=https://support.codesourcery.com/GNUToolchain/ --disable-nls --prefix=/opt/codesourcery --with-sysroot=/opt/codesourcery/arm-none-linux-gnueabi/libc --with-build-sysroot=/scratch/julian/2009q3-respin-linux-lite/install/arm-none-linux-gnueabi/libc --with-gmp=/scratch/julian/2009q3-respin-linux-lite/obj/host-libs-2009q3-67-arm-none-linux-gnueabi-i686-pc-linux-gnu/usr --with-mpfr=/scratch/julian/2009q3-respin-linux-lite/obj/host-libs-2009q3-67-arm-none-linux-gnueabi-i686-pc-linux-gnu/usr --with-ppl=/scratch/julian/2009q3-respin-linux-lite/obj/host-libs-2009q3-67-arm-none-linux-gnueabi-i686-pc-linux-gnu/usr --with-host-libstdcxx='-static-libgcc -Wl,-Bstatic,-lstdc++,-Bdynamic -lm' --with-cloog=/scratch/julian/2009q3-respin-linux-lite/obj/host-libs-2009q3-67-arm-none-linux-gnueabi-i686-pc-linux-gnu/usr --disable-libgomp --enable-poison-system-directories --with-build-time-tools=/scratch/julian/2009q3-respin-linux-lite/install/arm-none-linux-gnueabi/bin --with-build-time-tools=/scratch/julian/2009q3-respin-linux-lite/install/arm-none-linux-gnueabi/bin
Thread model: posix
gcc version 4.4.1 (Sourcery G++ Lite 2009q3-67) 
configure:2449: $? = 0
configure:2456: arm-none-linux-gnueabi-gcc -V >&5
arm-none-linux-gnueabi-gcc: '-V' option must have argument
configure:2459: $? = 1
configure:2482: checking for C compiler default output file name
configure:2509: arm-none-linux-gnueabi-gcc    conftest.c -lfreetype -lSDL >&5
configure:2512: $? = 0
configure:2550: result: a.out
configure:2567: checking whether the C compiler works
configure:2577: ./a.out
./configure: line 2578: ./a.out: cannot execute binary file
configure:2580: $? = 126
configure:2597: result: yes
configure:2604: checking whether we are cross compiling
configure:2606: result: yes
configure:2609: checking for suffix of executables
configure:2616: arm-none-linux-gnueabi-gcc -o conftest    conftest.c -lfreetype -lSDL >&5
configure:2619: $? = 0
configure:2643: result: 
configure:2649: checking for suffix of object files
configure:2675: arm-none-linux-gnueabi-gcc -c   conftest.c >&5
configure:2678: $? = 0
configure:2701: result: o
configure:2705: checking whether we are using the GNU C compiler
configure:2734: arm-none-linux-gnueabi-gcc -c   conftest.c >&5
configure:2740: $? = 0
configure:2757: result: yes
configure:2762: checking whether arm-none-linux-gnueabi-gcc accepts -g
configure:2792: arm-none-linux-gnueabi-gcc -c -g  conftest.c >&5
configure:2798: $? = 0
configure:2897: result: yes
configure:2914: checking for arm-none-linux-gnueabi-gcc option to accept ISO C89
configure:2988: arm-none-linux-gnueabi-gcc  -c -g -O2  conftest.c >&5
configure:2994: $? = 0
configure:3017: result: none needed
configure:3035: checking for a sed that does not truncate output
configure:3114: result: /bin/sed
configure:3132: checking for grep that handles long lines and -e
configure:3206: result: /bin/grep
configure:3211: checking for egrep
configure:3289: result: /bin/grep -E
configure:3294: checking for fgrep
configure:3372: result: /bin/grep -F
configure:3407: checking for ld used by arm-none-linux-gnueabi-gcc
configure:3474: result: /opt/CodeSourcery/Sourcery_G++_Lite_Linux/arm-none-linux-gnueabi/bin/ld
configure:3483: checking if the linker (/opt/CodeSourcery/Sourcery_G++_Lite_Linux/arm-none-linux-gnueabi/bin/ld) is GNU ld
configure:3498: result: yes
configure:3510: checking for BSD- or MS-compatible name lister (nm)
configure:3559: result: /opt/CodeSourcery/Sourcery_G++_Lite_Linux/bin/arm-none-linux-gnueabi-nm -B
configure:3681: checking the name lister (/opt/CodeSourcery/Sourcery_G++_Lite_Linux/bin/arm-none-linux-gnueabi-nm -B) interface
configure:3688: arm-none-linux-gnueabi-gcc -c -g -O2  conftest.c >&5
configure:3691: /opt/CodeSourcery/Sourcery_G++_Lite_Linux/bin/arm-none-linux-gnueabi-nm -B "conftest.o"
configure:3694: output
00000000 B some_variable
configure:3701: result: BSD nm
configure:3704: checking whether ln -s works
configure:3708: result: yes
configure:3716: checking the maximum length of command line arguments
configure:3842: result: 1572864
configure:3859: checking whether the shell understands some XSI constructs
configure:3869: result: yes
configure:3873: checking whether the shell understands "+="
configure:3879: result: yes
configure:3914: checking for /opt/CodeSourcery/Sourcery_G++_Lite_Linux/arm-none-linux-gnueabi/bin/ld option to reload object files
configure:3921: result: -r
configure:3950: checking for arm-none-linux-gnueabi-objdump
configure:3966: found /opt/CodeSourcery/Sourcery_G++_Lite_Linux/bin/arm-none-linux-gnueabi-objdump
configure:3977: result: arm-none-linux-gnueabi-objdump
configure:4050: checking how to recognize dependent libraries
configure:4248: result: pass_all
configure:4268: checking for arm-none-linux-gnueabi-ar
configure:4284: found /opt/CodeSourcery/Sourcery_G++_Lite_Linux/bin/arm-none-linux-gnueabi-ar
configure:4295: result: arm-none-linux-gnueabi-ar
configure:4377: checking for arm-none-linux-gnueabi-strip
configure:4393: found /opt/CodeSourcery/Sourcery_G++_Lite_Linux/bin/arm-none-linux-gnueabi-strip
configure:4404: result: arm-none-linux-gnueabi-strip
configure:4480: checking for arm-none-linux-gnueabi-ranlib
configure:4496: found /opt/CodeSourcery/Sourcery_G++_Lite_Linux/bin/arm-none-linux-gnueabi-ranlib
configure:4507: result: arm-none-linux-gnueabi-ranlib
configure:4641: checking command to parse /opt/CodeSourcery/Sourcery_G++_Lite_Linux/bin/arm-none-linux-gnueabi-nm -B output from arm-none-linux-gnueabi-gcc object
configure:4759: arm-none-linux-gnueabi-gcc -c -g -O2  conftest.c >&5
configure:4762: $? = 0
configure:4766: /opt/CodeSourcery/Sourcery_G++_Lite_Linux/bin/arm-none-linux-gnueabi-nm -B conftest.o \| sed -n -e 's/^.*[	 ]\([ABCDGIRSTW][ABCDGIRSTW]*\)[	 ][	 ]*\([_A-Za-z][_A-Za-z0-9]*\)$/\1 \2 \2/p' \> conftest.nm
configure:4769: $? = 0
configure:4823: arm-none-linux-gnueabi-gcc -o conftest -g -O2   conftest.c conftstm.o >&5
configure:4826: $? = 0
configure:4864: result: ok
configure:5743: checking how to run the C preprocessor
configure:5783: arm-none-linux-gnueabi-gcc -E  conftest.c
configure:5789: $? = 0
configure:5820: arm-none-linux-gnueabi-gcc -E  conftest.c
conftest.c:8: fatal error: ac_nonexistent.h: No such file or directory
compilation terminated.
configure:5826: $? = 1
configure: failed program was:
| /* confdefs.h.  */
| #define PACKAGE_NAME ""
| #define PACKAGE_TARNAME ""
| #define PACKAGE_VERSION ""
| #define PACKAGE_STRING ""
| #define PACKAGE_BUGREPORT ""
| /* end confdefs.h.  */
| #include <ac_nonexistent.h>
configure:5859: result: arm-none-linux-gnueabi-gcc -E
configure:5888: arm-none-linux-gnueabi-gcc -E  conftest.c

## ---------------- ##
## Cache variables. ##
## ---------------- ##

ac_cv_build=x86_64-unknown-linux-gnu
ac_cv_c_compiler_gnu=yes
ac_cv_env_CC_set=
ac_cv_env_CC_value=
ac_cv_env_CFLAGS_set=
ac_cv_env_CFLAGS_value=
ac_cv_env_CPPFLAGS_set=
ac_cv_env_CPPFLAGS_value=
ac_cv_env_CPP_set=
ac_cv_env_CPP_value=
ac_cv_env_LDFLAGS_set=
ac_cv_env_LDFLAGS_value=
ac_cv_env_LIBS_set=set
ac_cv_env_LIBS_value='-lfreetype -lSDL'
ac_cv_env_PKG_CONFIG_set=
ac_cv_env_PKG_CONFIG_value=
ac_cv_env_SDL_CFLAGS_set=
ac_cv_env_SDL_CFLAGS_value=
ac_cv_env_SDL_LIBS_set=
ac_cv_env_SDL_LIBS_value=
ac_cv_env_XMKMF_set=
ac_cv_env_XMKMF_value=
ac_cv_env_build_alias_set=
ac_cv_env_build_alias_value=
ac_cv_env_host_alias_set=set
ac_cv_env_host_alias_value=arm-none-linux-gnueabi
ac_cv_env_target_alias_set=
ac_cv_env_target_alias_value=
ac_cv_host=arm-none-linux-gnueabi
ac_cv_objext=o
ac_cv_path_EGREP='/bin/grep -E'
ac_cv_path_FGREP='/bin/grep -F'
ac_cv_path_GREP=/bin/grep
ac_cv_path_SED=/bin/sed
ac_cv_prog_AR=arm-none-linux-gnueabi-ar
ac_cv_prog_CC=arm-none-linux-gnueabi-gcc
ac_cv_prog_CPP='arm-none-linux-gnueabi-gcc -E'
ac_cv_prog_OBJDUMP=arm-none-linux-gnueabi-objdump
ac_cv_prog_RANLIB=arm-none-linux-gnueabi-ranlib
ac_cv_prog_STRIP=arm-none-linux-gnueabi-strip
ac_cv_prog_cc_c89=
ac_cv_prog_cc_g=yes
lt_cv_deplibs_check_method=pass_all
lt_cv_file_magic_cmd='$MAGIC_CMD'
lt_cv_file_magic_test_file=
lt_cv_ld_reload_flag=-r
lt_cv_nm_interface='BSD nm'
lt_cv_path_LD=/opt/CodeSourcery/Sourcery_G++_Lite_Linux/arm-none-linux-gnueabi/bin/ld
lt_cv_path_NM='/opt/CodeSourcery/Sourcery_G++_Lite_Linux/bin/arm-none-linux-gnueabi-nm -B'
lt_cv_prog_gnu_ld=yes
lt_cv_sys_global_symbol_pipe='sed -n -e '\''s/^.*[	 ]\([ABCDGIRSTW][ABCDGIRSTW]*\)[	 ][	 ]*\([_A-Za-z][_A-Za-z0-9]*\)$/\1 \2 \2/p'\'''
lt_cv_sys_global_symbol_to_c_name_address='sed -n -e '\''s/^: \([^ ]*\) $/  {\"\1\", (void *) 0},/p'\'' -e '\''s/^[ABCDGIRSTW]* \([^ ]*\) \([^ ]*\)$/  {"\2", (void *) \&\2},/p'\'''
lt_cv_sys_global_symbol_to_c_name_address_lib_prefix='sed -n -e '\''s/^: \([^ ]*\) $/  {\"\1\", (void *) 0},/p'\'' -e '\''s/^[ABCDGIRSTW]* \([^ ]*\) \(lib[^ ]*\)$/  {"\2", (void *) \&\2},/p'\'' -e '\''s/^[ABCDGIRSTW]* \([^ ]*\) \([^ ]*\)$/  {"lib\2", (void *) \&\2},/p'\'''
lt_cv_sys_global_symbol_to_cdecl='sed -n -e '\''s/^T .* \(.*\)$/extern int \1();/p'\'' -e '\''s/^[ABCDGIRSTW]* .* \(.*\)$/extern char \1;/p'\'''
lt_cv_sys_max_cmd_len=1572864

## ----------------- ##
## Output variables. ##
## ----------------- ##

ACLOCAL=''
ALLOCA=''
AMDEPBACKSLASH=''
AMDEP_FALSE=''
AMDEP_TRUE=''
AMTAR=''
AR='arm-none-linux-gnueabi-ar'
AS=''
AUTOCONF=''
AUTOHEADER=''
AUTOMAKE=''
AWK=''
BINARY_AGE='11'
CC='arm-none-linux-gnueabi-gcc'
CCDEPMODE=''
CFLAGS='-g -O2'
CPP='arm-none-linux-gnueabi-gcc -E'
CPPFLAGS=''
CYGPATH_W=''
DEFS=''
DEPDIR=''
DLLTOOL=''
DSYMUTIL=''
DUMPBIN=''
ECHO_C=''
ECHO_N='-n'
ECHO_T=''
EGREP='/bin/grep -E'
EXEEXT=''
FGREP='/bin/grep -F'
FREETYPE_CONFIG=''
GL_LIBS=''
GREP='/bin/grep'
INSTALL_DATA=''
INSTALL_PROGRAM=''
INSTALL_SCRIPT=''
INSTALL_STRIP_PROGRAM=''
INTERFACE_AGE='1'
LD='/opt/CodeSourcery/Sourcery_G++_Lite_Linux/arm-none-linux-gnueabi/bin/ld'
LDFLAGS=''
LIBOBJS=''
LIBS='-lfreetype -lSDL'
LIBTOOL=''
LIPO=''
LN_S='ln -s'
LTLIBOBJS=''
LT_AGE=''
LT_CURRENT=''
LT_RELEASE=''
LT_REVISION=''
MAJOR_VERSION='2'
MAKEINFO=''
MATHLIB=''
MICRO_VERSION='11'
MINOR_VERSION='0'
NM='/opt/CodeSourcery/Sourcery_G++_Lite_Linux/bin/arm-none-linux-gnueabi-nm -B'
NMEDIT=''
OBJDUMP='arm-none-linux-gnueabi-objdump'
OBJEXT='o'
OTOOL64=''
OTOOL=''
PACKAGE=''
PACKAGE_BUGREPORT=''
PACKAGE_NAME=''
PACKAGE_STRING=''
PACKAGE_TARNAME=''
PACKAGE_VERSION=''
PATH_SEPARATOR=':'
PKG_CONFIG=''
RANLIB='arm-none-linux-gnueabi-ranlib'
SDL_CFLAGS=''
SDL_CONFIG=''
SDL_LIBS=''
SDL_VERSION=''
SED='/bin/sed'
SET_MAKE=''
SHELL='/bin/sh'
STRIP='arm-none-linux-gnueabi-strip'
USE_VERSION_RC_FALSE=''
USE_VERSION_RC_TRUE=''
VERSION='2.0.11'
WINDRES=''
XMKMF=''
X_CFLAGS=''
X_EXTRA_LIBS=''
X_LIBS=''
X_PRE_LIBS=''
ac_ct_CC=''
ac_ct_DUMPBIN=''
am__fastdepCC_FALSE=''
am__fastdepCC_TRUE=''
am__include=''
am__isrc=''
am__leading_dot=''
am__quote=''
am__tar=''
am__untar=''
bindir='${exec_prefix}/bin'
build='x86_64-unknown-linux-gnu'
build_alias=''
build_cpu='x86_64'
build_os='linux-gnu'
build_vendor='unknown'
datadir='${datarootdir}'
datarootdir='${prefix}/share'
docdir='${datarootdir}/doc/${PACKAGE}'
dvidir='${docdir}'
exec_prefix='NONE'
host='arm-none-linux-gnueabi'
host_alias='arm-none-linux-gnueabi'
host_cpu='arm'
host_os='linux-gnueabi'
host_vendor='none'
htmldir='${docdir}'
includedir='${prefix}/include'
infodir='${datarootdir}/info'
install_sh=''
libdir='${exec_prefix}/lib'
libexecdir='${exec_prefix}/libexec'
localedir='${datarootdir}/locale'
localstatedir='${prefix}/var'
lt_ECHO='echo'
mandir='${datarootdir}/man'
mkdir_p=''
oldincludedir='/usr/include'
pdfdir='${docdir}'
prefix='/home/vladpalos/Development/PrimaLuce/deps/SDL_ttf-2.0.11/build'
program_transform_name='s,x,x,'
psdir='${docdir}'
sbindir='${exec_prefix}/sbin'
sharedstatedir='${prefix}/com'
sysconfdir='${prefix}/etc'
target_alias=''

## ----------- ##
## confdefs.h. ##
## ----------- ##

#define PACKAGE_NAME ""
#define PACKAGE_TARNAME ""
#define PACKAGE_VERSION ""
#define PACKAGE_STRING ""
#define PACKAGE_BUGREPORT ""

configure: caught signal 2
configure: exit 1
