--------------------
./configure –shared –prefix=/home/vladpalos/Development/PrimaLuce/deps/zlib-1.2.7/build/
Mon Jun  4 15:05:17 EEST 2012
./configure --help for help
--------------------
./configure –prefix=/home/vladpalos/Development/PrimaLuce/deps/zlib-1.2.7/build/
Mon Jun  4 15:05:28 EEST 2012
./configure --help for help
--------------------
./configure --prefix=/home/vladpalos/Development/PrimaLuce/deps/zlib-1.2.7/build
Mon Jun  4 15:07:41 EEST 2012

=== ztest18635.c ===
extern int getchar();
int hello() {return getchar();}
===
arm-none-linux-gnueabi-gcc -c -static ztest18635.c
... using gcc

Checking for shared library support...
=== ztest18635.c ===
extern int getchar();
int hello() {return getchar();}
===
arm-none-linux-gnueabi-gcc -w -c -static -fPIC ztest18635.c
arm-none-linux-gnueabi-gcc -shared -Wl,-soname,libz.so.1,--version-script,zlib.map -static -fPIC -o ztest18635.so ztest18635.o
/opt/CodeSourcery/Sourcery_G++_Lite_Linux/bin/../lib/gcc/arm-none-linux-gnueabi/4.4.1/../../../../arm-none-linux-gnueabi/bin/ld: /opt/CodeSourcery/Sourcery_G++_Lite_Linux/bin/../arm-none-linux-gnueabi/libc/usr/lib/libc.a(dl-tsd.o)(.text+0x14): R_ARM_TLS_LE32 relocation not permitted in shared object
Building shared library libz.so.1.2.7 with arm-none-linux-gnueabi-gcc.


=== ztest18635.c ===
#include <sys/types.h>
off64_t dummy = 0;
===
arm-none-linux-gnueabi-gcc -c -static -D_LARGEFILE64_SOURCE=1 ztest18635.c
Checking for off64_t... Yes.
Checking for fseeko... Yes.

=== ztest18635.c ===
#include <string.h>
#include <errno.h>
int main() { return strlen(strerror(errno)); }
===
arm-none-linux-gnueabi-gcc -static -D_LARGEFILE64_SOURCE=1 -o ztest18635 ztest18635.c
Checking for strerror... Yes.

=== ztest18635.c ===
#include <unistd.h>
int main() { return 0; }
===
arm-none-linux-gnueabi-gcc -c -static -D_LARGEFILE64_SOURCE=1 ztest18635.c
Checking for unistd.h... Yes.

=== ztest18635.c ===
#include <stdarg.h>
int main() { return 0; }
===
arm-none-linux-gnueabi-gcc -c -static -D_LARGEFILE64_SOURCE=1 ztest18635.c
Checking for stdarg.h... Yes.

=== ztest18635.c ===
#include <stdio.h>
#include <stdarg.h>
#include "zconf.h"
int main()
{
#ifndef STDC
  choke me
#endif
  return 0;
}
===
arm-none-linux-gnueabi-gcc -c -static -D_LARGEFILE64_SOURCE=1 ztest18635.c
Checking whether to use vs[n]printf() or s[n]printf()... using vs[n]printf().

=== ztest18635.c ===
#include <stdio.h>
#include <stdarg.h>
int mytest(const char *fmt, ...)
{
  char buf[20];
  va_list ap;
  va_start(ap, fmt);
  vsnprintf(buf, sizeof(buf), fmt, ap);
  va_end(ap);
  return 0;
}
int main()
{
  return (mytest("Hello%d\n", 1));
}
===
arm-none-linux-gnueabi-gcc -static -D_LARGEFILE64_SOURCE=1 -o ztest18635 ztest18635.c
Checking for vsnprintf() in stdio.h... Yes.

=== ztest18635.c ===
#include <stdio.h>
#include <stdarg.h>
int mytest(const char *fmt, ...)
{
  int n;
  char buf[20];
  va_list ap;
  va_start(ap, fmt);
  n = vsnprintf(buf, sizeof(buf), fmt, ap);
  va_end(ap);
  return n;
}
int main()
{
  return (mytest("Hello%d\n", 1));
}
===
arm-none-linux-gnueabi-gcc -c -static -D_LARGEFILE64_SOURCE=1 ztest18635.c
Checking for return value of vsnprintf()... Yes.

=== ztest18635.c ===
#define ZLIB_INTERNAL __attribute__((visibility ("hidden")))
int ZLIB_INTERNAL foo;
int main()
{
  return 0;
}
===
arm-none-linux-gnueabi-gcc -c -static -D_LARGEFILE64_SOURCE=1 ztest18635.c
Checking for attribute(visibility) support... Yes.

=== ztest18635.c ===
#include <stdio.h>
#define is32(n,t) for(n=1,k=0;n;n<<=1,k++);if(k==32){puts(t);return 0;}
int main() {
    int k;
    unsigned i;
    unsigned long l;
    unsigned short s;
    is32(i, "unsigned")
    is32(l, "unsigned long")
    is32(s, "unsigned short")
    return 1;
}
===
arm-none-linux-gnueabi-gcc -static -D_LARGEFILE64_SOURCE=1 -DHAVE_HIDDEN ztest18635.c -o ztest18635
Looking for a four-byte integer type... Not found.

ALL = static shared all64
AR = ar
ARFLAGS = rc
CC = arm-none-linux-gnueabi-gcc
CFLAGS = -static -D_LARGEFILE64_SOURCE=1 -DHAVE_HIDDEN
CPP = arm-none-linux-gnueabi-gcc -E
EXE =
LDCONFIG = ldconfig
LDFLAGS =
LDSHARED = arm-none-linux-gnueabi-gcc -shared -Wl,-soname,libz.so.1,--version-script,zlib.map
LDSHAREDLIBC = -lc
OBJC = $(OBJZ) $(OBJG)
PIC_OBJC = $(PIC_OBJZ) $(PIC_OBJG)
RANLIB = ranlib
SFLAGS = -static -fPIC -D_LARGEFILE64_SOURCE=1 -DHAVE_HIDDEN
SHAREDLIB = libz.so
SHAREDLIBM = libz.so.1
SHAREDLIBV = libz.so.1.2.7
STATICLIB = libz.a
TEST = all teststatic testshared test64
VER = 1.2.7
Z_U4 =
exec_prefix = ${prefix}
includedir = ${prefix}/include
libdir = ${exec_prefix}/lib
mandir = ${prefix}/share/man
prefix = /home/vladpalos/Development/PrimaLuce/deps/zlib-1.2.7/build
sharedlibdir = ${libdir}
uname = Linux
--------------------


--------------------
./configure --prefix=/home/vladpalos/Development/PrimaLuce/deps/zlib-1.2.7/build
Mon Jun  4 15:08:55 EEST 2012

=== ztest18927.c ===
extern int getchar();
int hello() {return getchar();}
===
arm-none-linux-gnueabi-gcc -c -shared ztest18927.c
... using gcc

Checking for shared library support...
=== ztest18927.c ===
extern int getchar();
int hello() {return getchar();}
===
arm-none-linux-gnueabi-gcc -w -c -shared -fPIC ztest18927.c
arm-none-linux-gnueabi-gcc -shared -Wl,-soname,libz.so.1,--version-script,zlib.map -shared -fPIC -o ztest18927.so ztest18927.o
Building shared library libz.so.1.2.7 with arm-none-linux-gnueabi-gcc.


=== ztest18927.c ===
#include <sys/types.h>
off64_t dummy = 0;
===
arm-none-linux-gnueabi-gcc -c -shared -D_LARGEFILE64_SOURCE=1 ztest18927.c
Checking for off64_t... Yes.
Checking for fseeko... Yes.

=== ztest18927.c ===
#include <string.h>
#include <errno.h>
int main() { return strlen(strerror(errno)); }
===
arm-none-linux-gnueabi-gcc -shared -D_LARGEFILE64_SOURCE=1 -o ztest18927 ztest18927.c
Checking for strerror... Yes.

=== ztest18927.c ===
#include <unistd.h>
int main() { return 0; }
===
arm-none-linux-gnueabi-gcc -c -shared -D_LARGEFILE64_SOURCE=1 ztest18927.c
Checking for unistd.h... Yes.

=== ztest18927.c ===
#include <stdarg.h>
int main() { return 0; }
===
arm-none-linux-gnueabi-gcc -c -shared -D_LARGEFILE64_SOURCE=1 ztest18927.c
Checking for stdarg.h... Yes.

=== ztest18927.c ===
#include <stdio.h>
#include <stdarg.h>
#include "zconf.h"
int main()
{
#ifndef STDC
  choke me
#endif
  return 0;
}
===
arm-none-linux-gnueabi-gcc -c -shared -D_LARGEFILE64_SOURCE=1 ztest18927.c
Checking whether to use vs[n]printf() or s[n]printf()... using vs[n]printf().

=== ztest18927.c ===
#include <stdio.h>
#include <stdarg.h>
int mytest(const char *fmt, ...)
{
  char buf[20];
  va_list ap;
  va_start(ap, fmt);
  vsnprintf(buf, sizeof(buf), fmt, ap);
  va_end(ap);
  return 0;
}
int main()
{
  return (mytest("Hello%d\n", 1));
}
===
arm-none-linux-gnueabi-gcc -shared -D_LARGEFILE64_SOURCE=1 -o ztest18927 ztest18927.c
Checking for vsnprintf() in stdio.h... Yes.

=== ztest18927.c ===
#include <stdio.h>
#include <stdarg.h>
int mytest(const char *fmt, ...)
{
  int n;
  char buf[20];
  va_list ap;
  va_start(ap, fmt);
  n = vsnprintf(buf, sizeof(buf), fmt, ap);
  va_end(ap);
  return n;
}
int main()
{
  return (mytest("Hello%d\n", 1));
}
===
arm-none-linux-gnueabi-gcc -c -shared -D_LARGEFILE64_SOURCE=1 ztest18927.c
Checking for return value of vsnprintf()... Yes.

=== ztest18927.c ===
#define ZLIB_INTERNAL __attribute__((visibility ("hidden")))
int ZLIB_INTERNAL foo;
int main()
{
  return 0;
}
===
arm-none-linux-gnueabi-gcc -c -shared -D_LARGEFILE64_SOURCE=1 ztest18927.c
Checking for attribute(visibility) support... Yes.

=== ztest18927.c ===
#include <stdio.h>
#define is32(n,t) for(n=1,k=0;n;n<<=1,k++);if(k==32){puts(t);return 0;}
int main() {
    int k;
    unsigned i;
    unsigned long l;
    unsigned short s;
    is32(i, "unsigned")
    is32(l, "unsigned long")
    is32(s, "unsigned short")
    return 1;
}
===
arm-none-linux-gnueabi-gcc -shared -D_LARGEFILE64_SOURCE=1 -DHAVE_HIDDEN ztest18927.c -o ztest18927
Looking for a four-byte integer type... Not found.

ALL = static shared all64
AR = ar
ARFLAGS = rc
CC = arm-none-linux-gnueabi-gcc
CFLAGS = -shared -D_LARGEFILE64_SOURCE=1 -DHAVE_HIDDEN
CPP = arm-none-linux-gnueabi-gcc -E
EXE =
LDCONFIG = ldconfig
LDFLAGS =
LDSHARED = arm-none-linux-gnueabi-gcc -shared -Wl,-soname,libz.so.1,--version-script,zlib.map
LDSHAREDLIBC = -lc
OBJC = $(OBJZ) $(OBJG)
PIC_OBJC = $(PIC_OBJZ) $(PIC_OBJG)
RANLIB = ranlib
SFLAGS = -shared -fPIC -D_LARGEFILE64_SOURCE=1 -DHAVE_HIDDEN
SHAREDLIB = libz.so
SHAREDLIBM = libz.so.1
SHAREDLIBV = libz.so.1.2.7
STATICLIB = libz.a
TEST = all teststatic testshared test64
VER = 1.2.7
Z_U4 =
exec_prefix = ${prefix}
includedir = ${prefix}/include
libdir = ${exec_prefix}/lib
mandir = ${prefix}/share/man
prefix = /home/vladpalos/Development/PrimaLuce/deps/zlib-1.2.7/build
sharedlibdir = ${libdir}
uname = Linux
--------------------


