This file contains any messages produced by compilers while
running configure, to aid debugging if configure makes a mistake.

It was created by configure, which was
generated by GNU Autoconf 2.67.  Invocation command line was

  $ ./configure --prefix=/home/vladpalos/Development/PrimaLuce/deps/libev-4.11/build/ CC=arm-none-linux-gnueabi-gcc CPP=arm-none-linux-gnueabi-gcc -E --host=arm-none-linux-gnueabi

## --------- ##
## Platform. ##
## --------- ##

hostname = vladpalos-ThinkPad-T500
uname -m = x86_64
uname -r = 3.2.0-24-generic
uname -s = Linux
uname -v = #39-Ubuntu SMP Mon May 21 16:52:17 UTC 2012

/usr/bin/uname -p = unknown
/bin/uname -X     = unknown

/bin/arch              = unknown
/usr/bin/arch -k       = unknown
/usr/convex/getsysinfo = unknown
/usr/bin/hostinfo      = unknown
/bin/machine           = unknown
/usr/bin/oslevel       = unknown
/bin/universe          = unknown

PATH: /usr/local/sbin
PATH: /usr/local/bin
PATH: /usr/sbin
PATH: /usr/bin
PATH: /sbin
PATH: /bin
PATH: /usr/games
PATH: /opt/CodeSourcery/Sourcery_G++_Lite_Linux/bin
PATH: /opt/android-sdk-linux/platform-tools
PATH: /opt/android-sdk-linux/tools


## ----------- ##
## Core tests. ##
## ----------- ##

configure:2347: checking for a BSD-compatible install
configure:2415: result: /usr/bin/install -c
configure:2426: checking whether build environment is sane
configure:2476: result: yes
configure:2525: checking for arm-none-linux-gnueabi-strip
configure:2541: found /opt/CodeSourcery/Sourcery_G++_Lite_Linux/bin/arm-none-linux-gnueabi-strip
configure:2552: result: arm-none-linux-gnueabi-strip
configure:2617: checking for a thread-safe mkdir -p
configure:2656: result: /bin/mkdir -p
configure:2669: checking for gawk
configure:2699: result: no
configure:2669: checking for mawk
configure:2685: found /usr/bin/mawk
configure:2696: result: mawk
configure:2707: checking whether make sets $(MAKE)
configure:2729: result: yes
configure:2811: checking whether to enable maintainer-specific portions of Makefiles
configure:2820: result: no
configure:2842: checking for arm-none-linux-gnueabi-gcc
configure:2869: result: arm-none-linux-gnueabi-gcc
configure:3138: checking for C compiler version
configure:3147: arm-none-linux-gnueabi-gcc --version >&5
arm-none-linux-gnueabi-gcc (Sourcery G++ Lite 2009q3-67) 4.4.1
Copyright (C) 2009 Free Software Foundation, Inc.
This is free software; see the source for copying conditions.  There is NO
warranty; not even for MERCHANTABILITY or FITNESS FOR A PARTICULAR PURPOSE.

configure:3158: $? = 0
configure:3147: arm-none-linux-gnueabi-gcc -v >&5
Using built-in specs.
Target: arm-none-linux-gnueabi
Configured with: /scratch/julian/2009q3-respin-linux-lite/src/gcc-4.4/configure --build=i686-pc-linux-gnu --host=i686-pc-linux-gnu --target=arm-none-linux-gnueabi --enable-threads --disable-libmudflap --disable-libssp --disable-libstdcxx-pch --enable-extra-sgxxlite-multilibs --with-arch=armv5te --with-gnu-as --with-gnu-ld --with-specs='%{funwind-tables|fno-unwind-tables|mabi=*|ffreestanding|nostdlib:;:-funwind-tables} %{O2:%{!fno-remove-local-statics: -fremove-local-statics}} %{O*:%{O|O0|O1|O2|Os:;:%{!fno-remove-local-statics: -fremove-local-statics}}}' --enable-languages=c,c++ --enable-shared --disable-lto --enable-symvers=gnu --enable-__cxa_atexit --with-pkgversion='Sourcery G++ Lite 2009q3-67' --with-bugurl=https://support.codesourcery.com/GNUToolchain/ --disable-nls --prefix=/opt/codesourcery --with-sysroot=/opt/codesourcery/arm-none-linux-gnueabi/libc --with-build-sysroot=/scratch/julian/2009q3-respin-linux-lite/install/arm-none-linux-gnueabi/libc --with-gmp=/scratch/julian/2009q3-respin-linux-lite/obj/host-libs-2009q3-67-arm-none-linux-gnueabi-i686-pc-linux-gnu/usr --with-mpfr=/scratch/julian/2009q3-respin-linux-lite/obj/host-libs-2009q3-67-arm-none-linux-gnueabi-i686-pc-linux-gnu/usr --with-ppl=/scratch/julian/2009q3-respin-linux-lite/obj/host-libs-2009q3-67-arm-none-linux-gnueabi-i686-pc-linux-gnu/usr --with-host-libstdcxx='-static-libgcc -Wl,-Bstatic,-lstdc++,-Bdynamic -lm' --with-cloog=/scratch/julian/2009q3-respin-linux-lite/obj/host-libs-2009q3-67-arm-none-linux-gnueabi-i686-pc-linux-gnu/usr --disable-libgomp --enable-poison-system-directories --with-build-time-tools=/scratch/julian/2009q3-respin-linux-lite/install/arm-none-linux-gnueabi/bin --with-build-time-tools=/scratch/julian/2009q3-respin-linux-lite/install/arm-none-linux-gnueabi/bin
Thread model: posix
gcc version 4.4.1 (Sourcery G++ Lite 2009q3-67) 
configure:3158: $? = 0
configure:3147: arm-none-linux-gnueabi-gcc -V >&5
arm-none-linux-gnueabi-gcc: '-V' option must have argument
configure:3158: $? = 1
configure:3147: arm-none-linux-gnueabi-gcc -qversion >&5
arm-none-linux-gnueabi-gcc: unrecognized option '-qversion'
arm-none-linux-gnueabi-gcc: no input files
configure:3158: $? = 1
configure:3178: checking whether the C compiler works
configure:3200: arm-none-linux-gnueabi-gcc    conftest.c  >&5
configure:3204: $? = 0
configure:3252: result: yes
configure:3255: checking for C compiler default output file name
configure:3257: result: a.out
configure:3263: checking for suffix of executables
configure:3270: arm-none-linux-gnueabi-gcc -o conftest    conftest.c  >&5
configure:3274: $? = 0
configure:3296: result: 
configure:3318: checking whether we are cross compiling
configure:3326: arm-none-linux-gnueabi-gcc -o conftest    conftest.c  >&5
configure:3330: $? = 0
configure:3337: ./conftest
./configure: line 3339: ./conftest: cannot execute binary file
configure:3341: $? = 126
configure:3356: result: yes
configure:3361: checking for suffix of object files
configure:3383: arm-none-linux-gnueabi-gcc -c   conftest.c >&5
configure:3387: $? = 0
configure:3408: result: o
configure:3412: checking whether we are using the GNU C compiler
configure:3431: arm-none-linux-gnueabi-gcc -c   conftest.c >&5
configure:3431: $? = 0
configure:3440: result: yes
configure:3449: checking whether arm-none-linux-gnueabi-gcc accepts -g
configure:3469: arm-none-linux-gnueabi-gcc -c -g  conftest.c >&5
configure:3469: $? = 0
configure:3510: result: yes
configure:3527: checking for arm-none-linux-gnueabi-gcc option to accept ISO C89
configure:3591: arm-none-linux-gnueabi-gcc  -c -g -O2  conftest.c >&5
configure:3591: $? = 0
configure:3604: result: none needed
configure:3635: checking for style of include used by make
configure:3663: result: GNU
configure:3688: checking dependency style of arm-none-linux-gnueabi-gcc
configure:3798: result: gcc3
configure:3850: checking build system type
configure:3864: result: x86_64-unknown-linux-gnu
configure:3884: checking host system type
configure:3897: result: arm-none-linux-gnueabi
configure:3917: checking for a sed that does not truncate output
configure:3981: result: /bin/sed
configure:3999: checking for grep that handles long lines and -e
configure:4057: result: /bin/grep
configure:4062: checking for egrep
configure:4124: result: /bin/grep -E
configure:4129: checking for fgrep
configure:4191: result: /bin/grep -F
configure:4226: checking for ld used by arm-none-linux-gnueabi-gcc
configure:4293: result: /opt/CodeSourcery/Sourcery_G++_Lite_Linux/arm-none-linux-gnueabi/bin/ld
configure:4300: checking if the linker (/opt/CodeSourcery/Sourcery_G++_Lite_Linux/arm-none-linux-gnueabi/bin/ld) is GNU ld
configure:4315: result: yes
configure:4327: checking for BSD- or MS-compatible name lister (nm)
configure:4376: result: /opt/CodeSourcery/Sourcery_G++_Lite_Linux/bin/arm-none-linux-gnueabi-nm -B
configure:4494: checking the name lister (/opt/CodeSourcery/Sourcery_G++_Lite_Linux/bin/arm-none-linux-gnueabi-nm -B) interface
configure:4501: arm-none-linux-gnueabi-gcc -c -g -O3  conftest.c >&5
configure:4504: /opt/CodeSourcery/Sourcery_G++_Lite_Linux/bin/arm-none-linux-gnueabi-nm -B "conftest.o"
configure:4507: output
00000000 B some_variable
configure:4514: result: BSD nm
configure:4517: checking whether ln -s works
configure:4521: result: yes
configure:4529: checking the maximum length of command line arguments
configure:4649: result: 1572864
configure:4666: checking whether the shell understands some XSI constructs
configure:4676: result: yes
configure:4680: checking whether the shell understands "+="
configure:4686: result: yes
configure:4721: checking for /opt/CodeSourcery/Sourcery_G++_Lite_Linux/arm-none-linux-gnueabi/bin/ld option to reload object files
configure:4728: result: -r
configure:4757: checking for arm-none-linux-gnueabi-objdump
configure:4773: found /opt/CodeSourcery/Sourcery_G++_Lite_Linux/bin/arm-none-linux-gnueabi-objdump
configure:4784: result: arm-none-linux-gnueabi-objdump
configure:4856: checking how to recognize dependent libraries
configure:5052: result: pass_all
configure:5072: checking for arm-none-linux-gnueabi-ar
configure:5088: found /opt/CodeSourcery/Sourcery_G++_Lite_Linux/bin/arm-none-linux-gnueabi-ar
configure:5099: result: arm-none-linux-gnueabi-ar
configure:5177: checking for arm-none-linux-gnueabi-strip
configure:5204: result: arm-none-linux-gnueabi-strip
configure:5276: checking for arm-none-linux-gnueabi-ranlib
configure:5292: found /opt/CodeSourcery/Sourcery_G++_Lite_Linux/bin/arm-none-linux-gnueabi-ranlib
configure:5303: result: arm-none-linux-gnueabi-ranlib
configure:5433: checking command to parse /opt/CodeSourcery/Sourcery_G++_Lite_Linux/bin/arm-none-linux-gnueabi-nm -B output from arm-none-linux-gnueabi-gcc object
configure:5551: arm-none-linux-gnueabi-gcc -c -g -O3  conftest.c >&5
configure:5554: $? = 0
configure:5558: /opt/CodeSourcery/Sourcery_G++_Lite_Linux/bin/arm-none-linux-gnueabi-nm -B conftest.o \| sed -n -e 's/^.*[	 ]\([ABCDGIRSTW][ABCDGIRSTW]*\)[	 ][	 ]*\([_A-Za-z][_A-Za-z0-9]*\)$/\1 \2 \2/p' \> conftest.nm
configure:5561: $? = 0
configure:5615: arm-none-linux-gnueabi-gcc -o conftest -g -O3   conftest.c conftstm.o >&5
configure:5618: $? = 0
configure:5656: result: ok
configure:6465: checking how to run the C preprocessor
configure:6535: result: arm-none-linux-gnueabi-gcc -E
configure:6555: arm-none-linux-gnueabi-gcc -E  conftest.c
configure:6555: $? = 0
configure:6569: arm-none-linux-gnueabi-gcc -E  conftest.c
conftest.c:11: fatal error: ac_nonexistent.h: No such file or directory
compilation terminated.
configure:6569: $? = 1
configure: failed program was:
| /* confdefs.h */
| #define PACKAGE_NAME ""
| #define PACKAGE_TARNAME ""
| #define PACKAGE_VERSION ""
| #define PACKAGE_STRING ""
| #define PACKAGE_BUGREPORT ""
| #define PACKAGE_URL ""
| #define PACKAGE "libev"
| #define VERSION "4.11"
| /* end confdefs.h.  */
| #include <ac_nonexistent.h>
configure:6598: checking for ANSI C header files
configure:6618: arm-none-linux-gnueabi-gcc -c -g -O3  conftest.c >&5
configure:6618: $? = 0
configure:6702: result: yes
configure:6715: checking for sys/types.h
configure:6715: arm-none-linux-gnueabi-gcc -c -g -O3  conftest.c >&5
configure:6715: $? = 0
configure:6715: result: yes
configure:6715: checking for sys/stat.h
configure:6715: arm-none-linux-gnueabi-gcc -c -g -O3  conftest.c >&5
configure:6715: $? = 0
configure:6715: result: yes
configure:6715: checking for stdlib.h
configure:6715: arm-none-linux-gnueabi-gcc -c -g -O3  conftest.c >&5
configure:6715: $? = 0
configure:6715: result: yes
configure:6715: checking for string.h
configure:6715: arm-none-linux-gnueabi-gcc -c -g -O3  conftest.c >&5
configure:6715: $? = 0
configure:6715: result: yes
configure:6715: checking for memory.h
configure:6715: arm-none-linux-gnueabi-gcc -c -g -O3  conftest.c >&5
configure:6715: $? = 0
configure:6715: result: yes
configure:6715: checking for strings.h
configure:6715: arm-none-linux-gnueabi-gcc -c -g -O3  conftest.c >&5
configure:6715: $? = 0
configure:6715: result: yes
configure:6715: checking for inttypes.h
configure:6715: arm-none-linux-gnueabi-gcc -c -g -O3  conftest.c >&5
configure:6715: $? = 0
configure:6715: result: yes
configure:6715: checking for stdint.h
configure:6715: arm-none-linux-gnueabi-gcc -c -g -O3  conftest.c >&5
configure:6715: $? = 0
configure:6715: result: yes
configure:6715: checking for unistd.h
configure:6715: arm-none-linux-gnueabi-gcc -c -g -O3  conftest.c >&5
configure:6715: $? = 0
configure:6715: result: yes
configure:6729: checking for dlfcn.h
configure:6729: arm-none-linux-gnueabi-gcc -c -g -O3  conftest.c >&5
configure:6729: $? = 0
configure:6729: result: yes
configure:6913: checking for objdir
configure:6928: result: .libs
configure:7220: checking if arm-none-linux-gnueabi-gcc supports -fno-rtti -fno-exceptions
configure:7238: arm-none-linux-gnueabi-gcc -c -g -O3  -fno-rtti -fno-exceptions conftest.c >&5
cc1: warning: command line option "-fno-rtti" is valid for C++/ObjC++ but not for C
configure:7242: $? = 0
configure:7255: result: no
configure:7275: checking for arm-none-linux-gnueabi-gcc option to produce PIC
configure:7547: result: -fPIC -DPIC
configure:7559: checking if arm-none-linux-gnueabi-gcc PIC flag -fPIC -DPIC works
configure:7577: arm-none-linux-gnueabi-gcc -c -g -O3  -fPIC -DPIC -DPIC conftest.c >&5
configure:7581: $? = 0
configure:7594: result: yes
configure:7618: checking if arm-none-linux-gnueabi-gcc static flag -static works
configure:7646: result: yes
configure:7661: checking if arm-none-linux-gnueabi-gcc supports -c -o file.o
configure:7682: arm-none-linux-gnueabi-gcc -c -g -O3  -o out/conftest2.o conftest.c >&5
configure:7686: $? = 0
configure:7708: result: yes
configure:7716: checking if arm-none-linux-gnueabi-gcc supports -c -o file.o
configure:7763: result: yes
configure:7796: checking whether the arm-none-linux-gnueabi-gcc linker (/opt/CodeSourcery/Sourcery_G++_Lite_Linux/arm-none-linux-gnueabi/bin/ld) supports shared libraries
configure:8787: result: yes
configure:8824: checking whether -lc should be explicitly linked in
configure:8829: arm-none-linux-gnueabi-gcc -c -g -O3  conftest.c >&5
configure:8832: $? = 0
configure:8847: arm-none-linux-gnueabi-gcc -shared conftest.o  -v -Wl,-soname -Wl,conftest -o conftest 2\>\&1 \| /bin/grep  -lc  \>/dev/null 2\>\&1
configure:8850: $? = 0
configure:8862: result: no
configure:9026: checking dynamic linker characteristics
configure:9459: arm-none-linux-gnueabi-gcc -o conftest -g -O3   -Wl,-rpath -Wl,/foo conftest.c  >&5
configure:9459: $? = 0
configure:9689: result: GNU/Linux ld.so
configure:9791: checking how to hardcode library paths into programs
configure:9816: result: immediate
configure:10336: checking whether stripping libraries is possible
configure:10341: result: yes
configure:10376: checking if libtool supports shared libraries
configure:10378: result: yes
configure:10381: checking whether to build shared libraries
configure:10402: result: yes
configure:10405: checking whether to build static libraries
configure:10409: result: yes
configure:10449: checking sys/inotify.h usability
configure:10449: arm-none-linux-gnueabi-gcc -c -g -O3  conftest.c >&5
configure:10449: $? = 0
configure:10449: result: yes
configure:10449: checking sys/inotify.h presence
configure:10449: arm-none-linux-gnueabi-gcc -E  conftest.c
configure:10449: $? = 0
configure:10449: result: yes
configure:10449: checking for sys/inotify.h
configure:10449: result: yes
configure:10449: checking sys/epoll.h usability
configure:10449: arm-none-linux-gnueabi-gcc -c -g -O3  conftest.c >&5
configure:10449: $? = 0
configure:10449: result: yes
configure:10449: checking sys/epoll.h presence
configure:10449: arm-none-linux-gnueabi-gcc -E  conftest.c
configure:10449: $? = 0
configure:10449: result: yes
configure:10449: checking for sys/epoll.h
configure:10449: result: yes
configure:10449: checking sys/event.h usability
configure:10449: arm-none-linux-gnueabi-gcc -c -g -O3  conftest.c >&5
conftest.c:58: fatal error: sys/event.h: No such file or directory
compilation terminated.
configure:10449: $? = 1
configure: failed program was:
| /* confdefs.h */
| #define PACKAGE_NAME ""
| #define PACKAGE_TARNAME ""
| #define PACKAGE_VERSION ""
| #define PACKAGE_STRING ""
| #define PACKAGE_BUGREPORT ""
| #define PACKAGE_URL ""
| #define PACKAGE "libev"
| #define VERSION "4.11"
| #define STDC_HEADERS 1
| #define HAVE_SYS_TYPES_H 1
| #define HAVE_SYS_STAT_H 1
| #define HAVE_STDLIB_H 1
| #define HAVE_STRING_H 1
| #define HAVE_MEMORY_H 1
| #define HAVE_STRINGS_H 1
| #define HAVE_INTTYPES_H 1
| #define HAVE_STDINT_H 1
| #define HAVE_UNISTD_H 1
| #define HAVE_DLFCN_H 1
| #define LT_OBJDIR ".libs/"
| #define HAVE_SYS_INOTIFY_H 1
| #define HAVE_SYS_EPOLL_H 1
| /* end confdefs.h.  */
| #include <stdio.h>
| #ifdef HAVE_SYS_TYPES_H
| # include <sys/types.h>
| #endif
| #ifdef HAVE_SYS_STAT_H
| # include <sys/stat.h>
| #endif
| #ifdef STDC_HEADERS
| # include <stdlib.h>
| # include <stddef.h>
| #else
| # ifdef HAVE_STDLIB_H
| #  include <stdlib.h>
| # endif
| #endif
| #ifdef HAVE_STRING_H
| # if !defined STDC_HEADERS && defined HAVE_MEMORY_H
| #  include <memory.h>
| # endif
| # include <string.h>
| #endif
| #ifdef HAVE_STRINGS_H
| # include <strings.h>
| #endif
| #ifdef HAVE_INTTYPES_H
| # include <inttypes.h>
| #endif
| #ifdef HAVE_STDINT_H
| # include <stdint.h>
| #endif
| #ifdef HAVE_UNISTD_H
| # include <unistd.h>
| #endif
| #include <sys/event.h>
configure:10449: result: no
configure:10449: checking sys/event.h presence
configure:10449: arm-none-linux-gnueabi-gcc -E  conftest.c
conftest.c:25: fatal error: sys/event.h: No such file or directory
compilation terminated.
configure:10449: $? = 1
configure: failed program was:
| /* confdefs.h */
| #define PACKAGE_NAME ""
| #define PACKAGE_TARNAME ""
| #define PACKAGE_VERSION ""
| #define PACKAGE_STRING ""
| #define PACKAGE_BUGREPORT ""
| #define PACKAGE_URL ""
| #define PACKAGE "libev"
| #define VERSION "4.11"
| #define STDC_HEADERS 1
| #define HAVE_SYS_TYPES_H 1
| #define HAVE_SYS_STAT_H 1
| #define HAVE_STDLIB_H 1
| #define HAVE_STRING_H 1
| #define HAVE_MEMORY_H 1
| #define HAVE_STRINGS_H 1
| #define HAVE_INTTYPES_H 1
| #define HAVE_STDINT_H 1
| #define HAVE_UNISTD_H 1
| #define HAVE_DLFCN_H 1
| #define LT_OBJDIR ".libs/"
| #define HAVE_SYS_INOTIFY_H 1
| #define HAVE_SYS_EPOLL_H 1
| /* end confdefs.h.  */
| #include <sys/event.h>
configure:10449: result: no
configure:10449: checking for sys/event.h
configure:10449: result: no
configure:10449: checking port.h usability
configure:10449: arm-none-linux-gnueabi-gcc -c -g -O3  conftest.c >&5
conftest.c:58: fatal error: port.h: No such file or directory
compilation terminated.
configure:10449: $? = 1
configure: failed program was:
| /* confdefs.h */
| #define PACKAGE_NAME ""
| #define PACKAGE_TARNAME ""
| #define PACKAGE_VERSION ""
| #define PACKAGE_STRING ""
| #define PACKAGE_BUGREPORT ""
| #define PACKAGE_URL ""
| #define PACKAGE "libev"
| #define VERSION "4.11"
| #define STDC_HEADERS 1
| #define HAVE_SYS_TYPES_H 1
| #define HAVE_SYS_STAT_H 1
| #define HAVE_STDLIB_H 1
| #define HAVE_STRING_H 1
| #define HAVE_MEMORY_H 1
| #define HAVE_STRINGS_H 1
| #define HAVE_INTTYPES_H 1
| #define HAVE_STDINT_H 1
| #define HAVE_UNISTD_H 1
| #define HAVE_DLFCN_H 1
| #define LT_OBJDIR ".libs/"
| #define HAVE_SYS_INOTIFY_H 1
| #define HAVE_SYS_EPOLL_H 1
| /* end confdefs.h.  */
| #include <stdio.h>
| #ifdef HAVE_SYS_TYPES_H
| # include <sys/types.h>
| #endif
| #ifdef HAVE_SYS_STAT_H
| # include <sys/stat.h>
| #endif
| #ifdef STDC_HEADERS
| # include <stdlib.h>
| # include <stddef.h>
| #else
| # ifdef HAVE_STDLIB_H
| #  include <stdlib.h>
| # endif
| #endif
| #ifdef HAVE_STRING_H
| # if !defined STDC_HEADERS && defined HAVE_MEMORY_H
| #  include <memory.h>
| # endif
| # include <string.h>
| #endif
| #ifdef HAVE_STRINGS_H
| # include <strings.h>
| #endif
| #ifdef HAVE_INTTYPES_H
| # include <inttypes.h>
| #endif
| #ifdef HAVE_STDINT_H
| # include <stdint.h>
| #endif
| #ifdef HAVE_UNISTD_H
| # include <unistd.h>
| #endif
| #include <port.h>
configure:10449: result: no
configure:10449: checking port.h presence
configure:10449: arm-none-linux-gnueabi-gcc -E  conftest.c
conftest.c:25: fatal error: port.h: No such file or directory
compilation terminated.
configure:10449: $? = 1
configure: failed program was:
| /* confdefs.h */
| #define PACKAGE_NAME ""
| #define PACKAGE_TARNAME ""
| #define PACKAGE_VERSION ""
| #define PACKAGE_STRING ""
| #define PACKAGE_BUGREPORT ""
| #define PACKAGE_URL ""
| #define PACKAGE "libev"
| #define VERSION "4.11"
| #define STDC_HEADERS 1
| #define HAVE_SYS_TYPES_H 1
| #define HAVE_SYS_STAT_H 1
| #define HAVE_STDLIB_H 1
| #define HAVE_STRING_H 1
| #define HAVE_MEMORY_H 1
| #define HAVE_STRINGS_H 1
| #define HAVE_INTTYPES_H 1
| #define HAVE_STDINT_H 1
| #define HAVE_UNISTD_H 1
| #define HAVE_DLFCN_H 1
| #define LT_OBJDIR ".libs/"
| #define HAVE_SYS_INOTIFY_H 1
| #define HAVE_SYS_EPOLL_H 1
| /* end confdefs.h.  */
| #include <port.h>
configure:10449: result: no
configure:10449: checking for port.h
configure:10449: result: no
configure:10449: checking poll.h usability
configure:10449: arm-none-linux-gnueabi-gcc -c -g -O3  conftest.c >&5
configure:10449: $? = 0
configure:10449: result: yes
configure:10449: checking poll.h presence
configure:10449: arm-none-linux-gnueabi-gcc -E  conftest.c
configure:10449: $? = 0
configure:10449: result: yes
configure:10449: checking for poll.h
configure:10449: result: yes
configure:10449: checking sys/select.h usability
configure:10449: arm-none-linux-gnueabi-gcc -c -g -O3  conftest.c >&5
configure:10449: $? = 0
configure:10449: result: yes
configure:10449: checking sys/select.h presence
configure:10449: arm-none-linux-gnueabi-gcc -E  conftest.c
configure:10449: $? = 0
configure:10449: result: yes
configure:10449: checking for sys/select.h
configure:10449: result: yes
configure:10449: checking sys/eventfd.h usability
configure:10449: arm-none-linux-gnueabi-gcc -c -g -O3  conftest.c >&5
configure:10449: $? = 0
configure:10449: result: yes
configure:10449: checking sys/eventfd.h presence
configure:10449: arm-none-linux-gnueabi-gcc -E  conftest.c
configure:10449: $? = 0
configure:10449: result: yes
configure:10449: checking for sys/eventfd.h
configure:10449: result: yes
configure:10449: checking sys/signalfd.h usability
configure:10449: arm-none-linux-gnueabi-gcc -c -g -O3  conftest.c >&5
configure:10449: $? = 0
configure:10449: result: yes
configure:10449: checking sys/signalfd.h presence
configure:10449: arm-none-linux-gnueabi-gcc -E  conftest.c
configure:10449: $? = 0
configure:10449: result: yes
configure:10449: checking for sys/signalfd.h
configure:10449: result: yes
configure:10463: checking for inotify_init
configure:10463: arm-none-linux-gnueabi-gcc -o conftest -g -O3   conftest.c  >&5
configure:10463: $? = 0
configure:10463: result: yes
configure:10463: checking for epoll_ctl
configure:10463: arm-none-linux-gnueabi-gcc -o conftest -g -O3   conftest.c  >&5
configure:10463: $? = 0
configure:10463: result: yes
configure:10463: checking for kqueue
configure:10463: arm-none-linux-gnueabi-gcc -o conftest -g -O3   conftest.c  >&5
/tmp/ccsyZvUu.o: In function `main':
/home/vladpalos/Development/PrimaLuce/deps/libev-4.11/conftest.c:65: undefined reference to `kqueue'
collect2: ld returned 1 exit status
configure:10463: $? = 1
configure: failed program was:
| /* confdefs.h */
| #define PACKAGE_NAME ""
| #define PACKAGE_TARNAME ""
| #define PACKAGE_VERSION ""
| #define PACKAGE_STRING ""
| #define PACKAGE_BUGREPORT ""
| #define PACKAGE_URL ""
| #define PACKAGE "libev"
| #define VERSION "4.11"
| #define STDC_HEADERS 1
| #define HAVE_SYS_TYPES_H 1
| #define HAVE_SYS_STAT_H 1
| #define HAVE_STDLIB_H 1
| #define HAVE_STRING_H 1
| #define HAVE_MEMORY_H 1
| #define HAVE_STRINGS_H 1
| #define HAVE_INTTYPES_H 1
| #define HAVE_STDINT_H 1
| #define HAVE_UNISTD_H 1
| #define HAVE_DLFCN_H 1
| #define LT_OBJDIR ".libs/"
| #define HAVE_SYS_INOTIFY_H 1
| #define HAVE_SYS_EPOLL_H 1
| #define HAVE_POLL_H 1
| #define HAVE_SYS_SELECT_H 1
| #define HAVE_SYS_EVENTFD_H 1
| #define HAVE_SYS_SIGNALFD_H 1
| #define HAVE_INOTIFY_INIT 1
| #define HAVE_EPOLL_CTL 1
| /* end confdefs.h.  */
| /* Define kqueue to an innocuous variant, in case <limits.h> declares kqueue.
|    For example, HP-UX 11i <limits.h> declares gettimeofday.  */
| #define kqueue innocuous_kqueue
| 
| /* System header to define __stub macros and hopefully few prototypes,
|     which can conflict with char kqueue (); below.
|     Prefer <limits.h> to <assert.h> if __STDC__ is defined, since
|     <limits.h> exists even on freestanding compilers.  */
| 
| #ifdef __STDC__
| # include <limits.h>
| #else
| # include <assert.h>
| #endif
| 
| #undef kqueue
| 
| /* Override any GCC internal prototype to avoid an error.
|    Use char because int might match the return type of a GCC
|    builtin and then its argument prototype would still apply.  */
| #ifdef __cplusplus
| extern "C"
| #endif
| char kqueue ();
| /* The GNU C library defines this for functions which it implements
|     to always fail with ENOSYS.  Some functions are actually named
|     something starting with __ and the normal name is an alias.  */
| #if defined __stub_kqueue || defined __stub___kqueue
| choke me
| #endif
| 
| int
| main ()
| {
| return kqueue ();
|   ;
|   return 0;
| }
configure:10463: result: no
configure:10463: checking for port_create
configure:10463: arm-none-linux-gnueabi-gcc -o conftest -g -O3   conftest.c  >&5
/tmp/ccEckBSB.o: In function `main':
/home/vladpalos/Development/PrimaLuce/deps/libev-4.11/conftest.c:65: undefined reference to `port_create'
collect2: ld returned 1 exit status
configure:10463: $? = 1
configure: failed program was:
| /* confdefs.h */
| #define PACKAGE_NAME ""
| #define PACKAGE_TARNAME ""
| #define PACKAGE_VERSION ""
| #define PACKAGE_STRING ""
| #define PACKAGE_BUGREPORT ""
| #define PACKAGE_URL ""
| #define PACKAGE "libev"
| #define VERSION "4.11"
| #define STDC_HEADERS 1
| #define HAVE_SYS_TYPES_H 1
| #define HAVE_SYS_STAT_H 1
| #define HAVE_STDLIB_H 1
| #define HAVE_STRING_H 1
| #define HAVE_MEMORY_H 1
| #define HAVE_STRINGS_H 1
| #define HAVE_INTTYPES_H 1
| #define HAVE_STDINT_H 1
| #define HAVE_UNISTD_H 1
| #define HAVE_DLFCN_H 1
| #define LT_OBJDIR ".libs/"
| #define HAVE_SYS_INOTIFY_H 1
| #define HAVE_SYS_EPOLL_H 1
| #define HAVE_POLL_H 1
| #define HAVE_SYS_SELECT_H 1
| #define HAVE_SYS_EVENTFD_H 1
| #define HAVE_SYS_SIGNALFD_H 1
| #define HAVE_INOTIFY_INIT 1
| #define HAVE_EPOLL_CTL 1
| /* end confdefs.h.  */
| /* Define port_create to an innocuous variant, in case <limits.h> declares port_create.
|    For example, HP-UX 11i <limits.h> declares gettimeofday.  */
| #define port_create innocuous_port_create
| 
| /* System header to define __stub macros and hopefully few prototypes,
|     which can conflict with char port_create (); below.
|     Prefer <limits.h> to <assert.h> if __STDC__ is defined, since
|     <limits.h> exists even on freestanding compilers.  */
| 
| #ifdef __STDC__
| # include <limits.h>
| #else
| # include <assert.h>
| #endif
| 
| #undef port_create
| 
| /* Override any GCC internal prototype to avoid an error.
|    Use char because int might match the return type of a GCC
|    builtin and then its argument prototype would still apply.  */
| #ifdef __cplusplus
| extern "C"
| #endif
| char port_create ();
| /* The GNU C library defines this for functions which it implements
|     to always fail with ENOSYS.  Some functions are actually named
|     something starting with __ and the normal name is an alias.  */
| #if defined __stub_port_create || defined __stub___port_create
| choke me
| #endif
| 
| int
| main ()
| {
| return port_create ();
|   ;
|   return 0;
| }
configure:10463: result: no
configure:10463: checking for poll
configure:10463: arm-none-linux-gnueabi-gcc -o conftest -g -O3   conftest.c  >&5
configure:10463: $? = 0
configure:10463: result: yes
configure:10463: checking for select
configure:10463: arm-none-linux-gnueabi-gcc -o conftest -g -O3   conftest.c  >&5
configure:10463: $? = 0
configure:10463: result: yes
configure:10463: checking for eventfd
configure:10463: arm-none-linux-gnueabi-gcc -o conftest -g -O3   conftest.c  >&5
configure:10463: $? = 0
configure:10463: result: yes
configure:10463: checking for signalfd
configure:10463: arm-none-linux-gnueabi-gcc -o conftest -g -O3   conftest.c  >&5
configure:10463: $? = 0
configure:10463: result: yes
configure:10475: checking for clock_gettime
configure:10475: arm-none-linux-gnueabi-gcc -o conftest -g -O3   conftest.c  >&5
/tmp/ccOG2kXc.o: In function `main':
/home/vladpalos/Development/PrimaLuce/deps/libev-4.11/conftest.c:69: undefined reference to `clock_gettime'
collect2: ld returned 1 exit status
configure:10475: $? = 1
configure: failed program was:
| /* confdefs.h */
| #define PACKAGE_NAME ""
| #define PACKAGE_TARNAME ""
| #define PACKAGE_VERSION ""
| #define PACKAGE_STRING ""
| #define PACKAGE_BUGREPORT ""
| #define PACKAGE_URL ""
| #define PACKAGE "libev"
| #define VERSION "4.11"
| #define STDC_HEADERS 1
| #define HAVE_SYS_TYPES_H 1
| #define HAVE_SYS_STAT_H 1
| #define HAVE_STDLIB_H 1
| #define HAVE_STRING_H 1
| #define HAVE_MEMORY_H 1
| #define HAVE_STRINGS_H 1
| #define HAVE_INTTYPES_H 1
| #define HAVE_STDINT_H 1
| #define HAVE_UNISTD_H 1
| #define HAVE_DLFCN_H 1
| #define LT_OBJDIR ".libs/"
| #define HAVE_SYS_INOTIFY_H 1
| #define HAVE_SYS_EPOLL_H 1
| #define HAVE_POLL_H 1
| #define HAVE_SYS_SELECT_H 1
| #define HAVE_SYS_EVENTFD_H 1
| #define HAVE_SYS_SIGNALFD_H 1
| #define HAVE_INOTIFY_INIT 1
| #define HAVE_EPOLL_CTL 1
| #define HAVE_POLL 1
| #define HAVE_SELECT 1
| #define HAVE_EVENTFD 1
| #define HAVE_SIGNALFD 1
| /* end confdefs.h.  */
| /* Define clock_gettime to an innocuous variant, in case <limits.h> declares clock_gettime.
|    For example, HP-UX 11i <limits.h> declares gettimeofday.  */
| #define clock_gettime innocuous_clock_gettime
| 
| /* System header to define __stub macros and hopefully few prototypes,
|     which can conflict with char clock_gettime (); below.
|     Prefer <limits.h> to <assert.h> if __STDC__ is defined, since
|     <limits.h> exists even on freestanding compilers.  */
| 
| #ifdef __STDC__
| # include <limits.h>
| #else
| # include <assert.h>
| #endif
| 
| #undef clock_gettime
| 
| /* Override any GCC internal prototype to avoid an error.
|    Use char because int might match the return type of a GCC
|    builtin and then its argument prototype would still apply.  */
| #ifdef __cplusplus
| extern "C"
| #endif
| char clock_gettime ();
| /* The GNU C library defines this for functions which it implements
|     to always fail with ENOSYS.  Some functions are actually named
|     something starting with __ and the normal name is an alias.  */
| #if defined __stub_clock_gettime || defined __stub___clock_gettime
| choke me
| #endif
| 
| int
| main ()
| {
| return clock_gettime ();
|   ;
|   return 0;
| }
configure:10475: result: no
configure:10484: checking for clock_gettime syscall
configure:10499: arm-none-linux-gnueabi-gcc -o conftest -g -O3   conftest.c  >&5
configure:10499: $? = 0
configure:10504: result: yes
configure:10579: checking for nanosleep
configure:10579: arm-none-linux-gnueabi-gcc -o conftest -g -O3   conftest.c  >&5
configure:10579: $? = 0
configure:10579: result: yes
configure:10654: checking for library containing floor
configure:10685: arm-none-linux-gnueabi-gcc -o conftest -g -O3   conftest.c  >&5
conftest.c:44: warning: conflicting types for built-in function 'floor'
/tmp/cckwtIbb.o: In function `main':
/home/vladpalos/Development/PrimaLuce/deps/libev-4.11/conftest.c:48: undefined reference to `floor'
collect2: ld returned 1 exit status
configure:10685: $? = 1
configure: failed program was:
| /* confdefs.h */
| #define PACKAGE_NAME ""
| #define PACKAGE_TARNAME ""
| #define PACKAGE_VERSION ""
| #define PACKAGE_STRING ""
| #define PACKAGE_BUGREPORT ""
| #define PACKAGE_URL ""
| #define PACKAGE "libev"
| #define VERSION "4.11"
| #define STDC_HEADERS 1
| #define HAVE_SYS_TYPES_H 1
| #define HAVE_SYS_STAT_H 1
| #define HAVE_STDLIB_H 1
| #define HAVE_STRING_H 1
| #define HAVE_MEMORY_H 1
| #define HAVE_STRINGS_H 1
| #define HAVE_INTTYPES_H 1
| #define HAVE_STDINT_H 1
| #define HAVE_UNISTD_H 1
| #define HAVE_DLFCN_H 1
| #define LT_OBJDIR ".libs/"
| #define HAVE_SYS_INOTIFY_H 1
| #define HAVE_SYS_EPOLL_H 1
| #define HAVE_POLL_H 1
| #define HAVE_SYS_SELECT_H 1
| #define HAVE_SYS_EVENTFD_H 1
| #define HAVE_SYS_SIGNALFD_H 1
| #define HAVE_INOTIFY_INIT 1
| #define HAVE_EPOLL_CTL 1
| #define HAVE_POLL 1
| #define HAVE_SELECT 1
| #define HAVE_EVENTFD 1
| #define HAVE_SIGNALFD 1
| #define HAVE_CLOCK_SYSCALL 1
| #define HAVE_NANOSLEEP 1
| /* end confdefs.h.  */
| 
| /* Override any GCC internal prototype to avoid an error.
|    Use char because int might match the return type of a GCC
|    builtin and then its argument prototype would still apply.  */
| #ifdef __cplusplus
| extern "C"
| #endif
| char floor ();
| int
| main ()
| {
| return floor ();
|   ;
|   return 0;
| }
configure:10685: arm-none-linux-gnueabi-gcc -o conftest -g -O3   conftest.c -lm   >&5
conftest.c:44: warning: conflicting types for built-in function 'floor'
configure:10685: $? = 0
configure:10702: result: -lm
configure:10840: creating ./config.status

## ---------------------- ##
## Running config.status. ##
## ---------------------- ##

This file was extended by config.status, which was
generated by GNU Autoconf 2.67.  Invocation command line was

  CONFIG_FILES    = 
  CONFIG_HEADERS  = 
  CONFIG_LINKS    = 
  CONFIG_COMMANDS = 
  $ ./config.status 

on vladpalos-ThinkPad-T500

config.status:1086: creating Makefile
config.status:1086: creating config.h
config.status:1314: executing depfiles commands
config.status:1314: executing libtool commands

## ---------------- ##
## Cache variables. ##
## ---------------- ##

ac_cv_build=x86_64-unknown-linux-gnu
ac_cv_c_compiler_gnu=yes
ac_cv_env_CC_set=set
ac_cv_env_CC_value=arm-none-linux-gnueabi-gcc
ac_cv_env_CFLAGS_set=
ac_cv_env_CFLAGS_value=
ac_cv_env_CPPFLAGS_set=
ac_cv_env_CPPFLAGS_value=
ac_cv_env_CPP_set=set
ac_cv_env_CPP_value='arm-none-linux-gnueabi-gcc -E'
ac_cv_env_LDFLAGS_set=
ac_cv_env_LDFLAGS_value=
ac_cv_env_LIBS_set=
ac_cv_env_LIBS_value=
ac_cv_env_build_alias_set=
ac_cv_env_build_alias_value=
ac_cv_env_host_alias_set=set
ac_cv_env_host_alias_value=arm-none-linux-gnueabi
ac_cv_env_target_alias_set=
ac_cv_env_target_alias_value=
ac_cv_func_clock_gettime=no
ac_cv_func_epoll_ctl=yes
ac_cv_func_eventfd=yes
ac_cv_func_inotify_init=yes
ac_cv_func_kqueue=no
ac_cv_func_nanosleep=yes
ac_cv_func_poll=yes
ac_cv_func_port_create=no
ac_cv_func_select=yes
ac_cv_func_signalfd=yes
ac_cv_header_dlfcn_h=yes
ac_cv_header_inttypes_h=yes
ac_cv_header_memory_h=yes
ac_cv_header_poll_h=yes
ac_cv_header_port_h=no
ac_cv_header_stdc=yes
ac_cv_header_stdint_h=yes
ac_cv_header_stdlib_h=yes
ac_cv_header_string_h=yes
ac_cv_header_strings_h=yes
ac_cv_header_sys_epoll_h=yes
ac_cv_header_sys_event_h=no
ac_cv_header_sys_eventfd_h=yes
ac_cv_header_sys_inotify_h=yes
ac_cv_header_sys_select_h=yes
ac_cv_header_sys_signalfd_h=yes
ac_cv_header_sys_stat_h=yes
ac_cv_header_sys_types_h=yes
ac_cv_header_unistd_h=yes
ac_cv_host=arm-none-linux-gnueabi
ac_cv_objext=o
ac_cv_path_EGREP='/bin/grep -E'
ac_cv_path_FGREP='/bin/grep -F'
ac_cv_path_GREP=/bin/grep
ac_cv_path_SED=/bin/sed
ac_cv_path_install='/usr/bin/install -c'
ac_cv_path_mkdir=/bin/mkdir
ac_cv_prog_AR=arm-none-linux-gnueabi-ar
ac_cv_prog_AWK=mawk
ac_cv_prog_CC=arm-none-linux-gnueabi-gcc
ac_cv_prog_CPP='arm-none-linux-gnueabi-gcc -E'
ac_cv_prog_OBJDUMP=arm-none-linux-gnueabi-objdump
ac_cv_prog_RANLIB=arm-none-linux-gnueabi-ranlib
ac_cv_prog_STRIP=arm-none-linux-gnueabi-strip
ac_cv_prog_cc_c89=
ac_cv_prog_cc_g=yes
ac_cv_prog_make_make_set=yes
ac_cv_search_floor=-lm
am_cv_CC_dependencies_compiler_type=gcc3
lt_cv_deplibs_check_method=pass_all
lt_cv_file_magic_cmd='$MAGIC_CMD'
lt_cv_file_magic_test_file=
lt_cv_ld_reload_flag=-r
lt_cv_nm_interface='BSD nm'
lt_cv_objdir=.libs
lt_cv_path_LD=/opt/CodeSourcery/Sourcery_G++_Lite_Linux/arm-none-linux-gnueabi/bin/ld
lt_cv_path_NM='/opt/CodeSourcery/Sourcery_G++_Lite_Linux/bin/arm-none-linux-gnueabi-nm -B'
lt_cv_prog_compiler_c_o=yes
lt_cv_prog_compiler_pic_works=yes
lt_cv_prog_compiler_rtti_exceptions=no
lt_cv_prog_compiler_static_works=yes
lt_cv_prog_gnu_ld=yes
lt_cv_sys_global_symbol_pipe='sed -n -e '\''s/^.*[	 ]\([ABCDGIRSTW][ABCDGIRSTW]*\)[	 ][	 ]*\([_A-Za-z][_A-Za-z0-9]*\)$/\1 \2 \2/p'\'''
lt_cv_sys_global_symbol_to_c_name_address='sed -n -e '\''s/^: \([^ ]*\) $/  {\"\1\", (void *) 0},/p'\'' -e '\''s/^[ABCDGIRSTW]* \([^ ]*\) \([^ ]*\)$/  {"\2", (void *) \&\2},/p'\'''
lt_cv_sys_global_symbol_to_c_name_address_lib_prefix='sed -n -e '\''s/^: \([^ ]*\) $/  {\"\1\", (void *) 0},/p'\'' -e '\''s/^[ABCDGIRSTW]* \([^ ]*\) \(lib[^ ]*\)$/  {"\2", (void *) \&\2},/p'\'' -e '\''s/^[ABCDGIRSTW]* \([^ ]*\) \([^ ]*\)$/  {"lib\2", (void *) \&\2},/p'\'''
lt_cv_sys_global_symbol_to_cdecl='sed -n -e '\''s/^T .* \(.*\)$/extern int \1();/p'\'' -e '\''s/^[ABCDGIRSTW]* .* \(.*\)$/extern char \1;/p'\'''
lt_cv_sys_max_cmd_len=1572864

## ----------------- ##
## Output variables. ##
## ----------------- ##

ACLOCAL='${SHELL} /home/vladpalos/Development/PrimaLuce/deps/libev-4.11/missing --run aclocal-1.11'
AMDEPBACKSLASH='\'
AMDEP_FALSE='#'
AMDEP_TRUE=''
AMTAR='${SHELL} /home/vladpalos/Development/PrimaLuce/deps/libev-4.11/missing --run tar'
AR='arm-none-linux-gnueabi-ar'
AUTOCONF='${SHELL} /home/vladpalos/Development/PrimaLuce/deps/libev-4.11/missing --run autoconf'
AUTOHEADER='${SHELL} /home/vladpalos/Development/PrimaLuce/deps/libev-4.11/missing --run autoheader'
AUTOMAKE='${SHELL} /home/vladpalos/Development/PrimaLuce/deps/libev-4.11/missing --run automake-1.11'
AWK='mawk'
CC='arm-none-linux-gnueabi-gcc'
CCDEPMODE='depmode=gcc3'
CFLAGS='-g -O3'
CPP='arm-none-linux-gnueabi-gcc -E'
CPPFLAGS=''
CYGPATH_W='echo'
DEFS='-DHAVE_CONFIG_H'
DEPDIR='.deps'
DSYMUTIL=''
DUMPBIN=''
ECHO_C=''
ECHO_N='-n'
ECHO_T=''
EGREP='/bin/grep -E'
EXEEXT=''
FGREP='/bin/grep -F'
GREP='/bin/grep'
INSTALL_DATA='${INSTALL} -m 644'
INSTALL_PROGRAM='${INSTALL}'
INSTALL_SCRIPT='${INSTALL}'
INSTALL_STRIP_PROGRAM='$(install_sh) -c -s'
LD='/opt/CodeSourcery/Sourcery_G++_Lite_Linux/arm-none-linux-gnueabi/bin/ld'
LDFLAGS=''
LIBOBJS=''
LIBS='-lm '
LIBTOOL='$(SHELL) $(top_builddir)/libtool'
LIPO=''
LN_S='ln -s'
LTLIBOBJS=''
MAINT='#'
MAINTAINER_MODE_FALSE=''
MAINTAINER_MODE_TRUE='#'
MAKEINFO='${SHELL} /home/vladpalos/Development/PrimaLuce/deps/libev-4.11/missing --run makeinfo'
MKDIR_P='/bin/mkdir -p'
NM='/opt/CodeSourcery/Sourcery_G++_Lite_Linux/bin/arm-none-linux-gnueabi-nm -B'
NMEDIT=''
OBJDUMP='arm-none-linux-gnueabi-objdump'
OBJEXT='o'
OTOOL64=''
OTOOL=''
PACKAGE='libev'
PACKAGE_BUGREPORT=''
PACKAGE_NAME=''
PACKAGE_STRING=''
PACKAGE_TARNAME=''
PACKAGE_URL=''
PACKAGE_VERSION=''
PATH_SEPARATOR=':'
RANLIB='arm-none-linux-gnueabi-ranlib'
SED='/bin/sed'
SET_MAKE=''
SHELL='/bin/sh'
STRIP='arm-none-linux-gnueabi-strip'
VERSION='4.11'
ac_ct_CC=''
ac_ct_DUMPBIN=''
am__EXEEXT_FALSE=''
am__EXEEXT_TRUE='#'
am__fastdepCC_FALSE='#'
am__fastdepCC_TRUE=''
am__include='include'
am__isrc=''
am__leading_dot='.'
am__quote=''
am__tar='${AMTAR} chof - "$$tardir"'
am__untar='${AMTAR} xf -'
bindir='${exec_prefix}/bin'
build='x86_64-unknown-linux-gnu'
build_alias=''
build_cpu='x86_64'
build_os='linux-gnu'
build_vendor='unknown'
datadir='${datarootdir}'
datarootdir='${prefix}/share'
docdir='${datarootdir}/doc/${PACKAGE}'
dvidir='${docdir}'
exec_prefix='${prefix}'
host='arm-none-linux-gnueabi'
host_alias='arm-none-linux-gnueabi'
host_cpu='arm'
host_os='linux-gnueabi'
host_vendor='none'
htmldir='${docdir}'
includedir='${prefix}/include'
infodir='${datarootdir}/info'
install_sh='${SHELL} /home/vladpalos/Development/PrimaLuce/deps/libev-4.11/install-sh'
libdir='${exec_prefix}/lib'
libexecdir='${exec_prefix}/libexec'
localedir='${datarootdir}/locale'
localstatedir='${prefix}/var'
lt_ECHO='echo'
mandir='${datarootdir}/man'
mkdir_p='/bin/mkdir -p'
oldincludedir='/usr/include'
pdfdir='${docdir}'
prefix='/home/vladpalos/Development/PrimaLuce/deps/libev-4.11/build'
program_transform_name='s,x,x,'
psdir='${docdir}'
sbindir='${exec_prefix}/sbin'
sharedstatedir='${prefix}/com'
sysconfdir='${prefix}/etc'
target_alias=''

## ----------- ##
## confdefs.h. ##
## ----------- ##

/* confdefs.h */
#define PACKAGE_NAME ""
#define PACKAGE_TARNAME ""
#define PACKAGE_VERSION ""
#define PACKAGE_STRING ""
#define PACKAGE_BUGREPORT ""
#define PACKAGE_URL ""
#define PACKAGE "libev"
#define VERSION "4.11"
#define STDC_HEADERS 1
#define HAVE_SYS_TYPES_H 1
#define HAVE_SYS_STAT_H 1
#define HAVE_STDLIB_H 1
#define HAVE_STRING_H 1
#define HAVE_MEMORY_H 1
#define HAVE_STRINGS_H 1
#define HAVE_INTTYPES_H 1
#define HAVE_STDINT_H 1
#define HAVE_UNISTD_H 1
#define HAVE_DLFCN_H 1
#define LT_OBJDIR ".libs/"
#define HAVE_SYS_INOTIFY_H 1
#define HAVE_SYS_EPOLL_H 1
#define HAVE_POLL_H 1
#define HAVE_SYS_SELECT_H 1
#define HAVE_SYS_EVENTFD_H 1
#define HAVE_SYS_SIGNALFD_H 1
#define HAVE_INOTIFY_INIT 1
#define HAVE_EPOLL_CTL 1
#define HAVE_POLL 1
#define HAVE_SELECT 1
#define HAVE_EVENTFD 1
#define HAVE_SIGNALFD 1
#define HAVE_CLOCK_SYSCALL 1
#define HAVE_NANOSLEEP 1
#define HAVE_FLOOR 1

configure: exit 0
